<?xml version="1.0" encoding="UTF-8"?>
<!-- Generated by org.testng.reporters.JUnitReportReporter -->
<testsuite name="Network_Capturing" tests="7" time="25.186" ignored="0" failures="0" timestamp="12 Jun 2017 06:17:18 GMT" skipped="0" hostname="Vivek-Singhs-MacBook-Air.local" errors="0">
  <testcase name="opeartion3" time="0.005" classname="Network_Capturing"/>
  <testcase name="opeartion7" time="0.027" classname="Network_Capturing"/>
  <testcase name="opeartion5" time="0.001" classname="Network_Capturing"/>
  <testcase name="operation1" time="25.137" classname="Network_Capturing"/>
  <testcase name="operation2" time="0.001" classname="Network_Capturing"/>
  <testcase name="operation4" time="0.002" classname="Network_Capturing"/>
  <testcase name="opeartion6" time="0.013" classname="Network_Capturing"/>
</testsuite> <!-- Network_Capturing -->
