<?xml version="1.0" encoding="UTF-8"?>
<!-- Generated by org.testng.reporters.JUnitReportReporter -->
<testsuite name="Moderator_Web_App.Network_Capturing" tests="7" time="431.293" ignored="0" failures="0" timestamp="25 Jul 2017 17:23:07 GMT" skipped="0" hostname="Vivek-Singhs-MacBook-Air.local" errors="0">
  <testcase name="opeartion3" time="34.575" classname="Moderator_Web_App.Network_Capturing"/>
  <testcase name="opeartion6" time="17.834" classname="Moderator_Web_App.Network_Capturing"/>
  <testcase name="opeartion5" time="15.890" classname="Moderator_Web_App.Network_Capturing"/>
  <testcase name="operation2" time="229.913" classname="Moderator_Web_App.Network_Capturing"/>
  <testcase name="operation4" time="9.282" classname="Moderator_Web_App.Network_Capturing"/>
  <testcase name="opeartion7" time="94.758" classname="Moderator_Web_App.Network_Capturing"/>
  <testcase name="operation1" time="29.041" classname="Moderator_Web_App.Network_Capturing"/>
</testsuite> <!-- Moderator_Web_App.Network_Capturing -->
