<?xml version="1.0" encoding="UTF-8"?>
<!-- Generated by org.testng.reporters.JUnitReportReporter -->
<testsuite name="Network_Capturing" tests="7" time="399.447" ignored="0" failures="0" timestamp="30 May 2017 12:58:12 GMT" skipped="0" hostname="Vivek-Singhs-MacBook-Air.local" errors="0">
  <testcase name="Login_Test" time="17.931" classname="Network_Capturing"/>
  <testcase name="Signup_Test" time="60.540" classname="Network_Capturing"/>
  <testcase name="Moderation_task" time="30.546" classname="Network_Capturing"/>
  <testcase name="Practice_task" time="225.300" classname="Network_Capturing"/>
  <testcase name="Statistics" time="9.284" classname="Network_Capturing"/>
  <testcase name="Contact_Us_Test" time="15.920" classname="Network_Capturing"/>
  <testcase name="Profile" time="39.926" classname="Network_Capturing"/>
</testsuite> <!-- Network_Capturing -->
