<?xml version="1.0" encoding="UTF-8"?>
<!-- Generated by org.testng.reporters.JUnitReportReporter -->
<testsuite name="Moderator_Web_App.Network_Capturing" tests="7" time="65.565" ignored="0" failures="0" timestamp="12 Jun 2017 15:15:44 GMT" skipped="0" hostname="Vivek-Singhs-MacBook-Air.local" errors="0">
  <testcase name="operation1" time="29.903" classname="Moderator_Web_App.Network_Capturing"/>
  <testcase name="operation4" time="0.002" classname="Moderator_Web_App.Network_Capturing"/>
  <testcase name="opeartion3" time="0.002" classname="Moderator_Web_App.Network_Capturing"/>
  <testcase name="operation2" time="35.655" classname="Moderator_Web_App.Network_Capturing"/>
  <testcase name="opeartion6" time="0.001" classname="Moderator_Web_App.Network_Capturing"/>
  <testcase name="opeartion7" time="0.001" classname="Moderator_Web_App.Network_Capturing"/>
  <testcase name="opeartion5" time="0.001" classname="Moderator_Web_App.Network_Capturing"/>
</testsuite> <!-- Moderator_Web_App.Network_Capturing -->
